
Warning-[LNX_OS_VERUN] Unsupported Linux version
  Linux version 'CentOS release 6.10 (Final)' is not supported on 'x86_64' 
  officially, assuming linux compatibility by default. Set VCS_ARCH_OVERRIDE 
  to linux or suse32 to override.
  Please refer to release notes for information on supported platforms.

Command: vcs -full64 -R -sverilog -l vcs.log -ntb_opts uvm-1.1 -debug_pp +vcs+vcdpluson \
+ntb_random_seed_automatic -override_timescale=1ps/1ps +incdir+../dut/include/ ../dut/verilog/fault_sm.v \
../dut/verilog/generic_fifo_ctrl.v ../dut/verilog/generic_fifo.v ../dut/verilog/generic_mem_medium.v \
../dut/verilog/generic_mem_small.v ../dut/verilog/meta_sync_single.v ../dut/verilog/meta_sync.v \
../dut/verilog/rx_data_fifo.v ../dut/verilog/rx_dequeue.v ../dut/verilog/rx_enqueue.v \
../dut/verilog/rx_hold_fifo.v ../dut/verilog/sync_clk_core.v ../dut/verilog/sync_clk_wb.v \
../dut/verilog/sync_clk_xgmii_tx.v ../dut/verilog/tx_data_fifo.v ../dut/verilog/tx_dequeue.v \
../dut/verilog/tx_enqueue.v ../dut/verilog/tx_hold_fifo.v ../dut/verilog/wishbone_if.v \
../dut/verilog/xge_mac.v +incdir+../tb/ ../tb/mac_tb.sv ../tb/mac_top.sv ../tb/mac_interface.sv \
+UVM_VERBOSITY=HIGH
                         Chronologic VCS (TM)
       Version K-2015.09-SP1_Full64 -- Thu May  9 00:09:07 2019
               Copyright (c) 1991-2015 by Synopsys Inc.
                         ALL RIGHTS RESERVED

This program is proprietary and confidential information of Synopsys Inc.
and may be used and disclosed only as authorized in a license agreement
controlling such use and disclosure.

Parsing design file '/usr/local/packages/synopsys_2015/vcs-mx//etc/uvm-1.1/uvm_pkg.sv'
Parsing included file '/usr/local/packages/synopsys_2015/vcs-mx//etc/uvm-1.1/uvm_macros.svh'.
Parsing included file '/usr/local/packages/synopsys_2015/vcs-mx//etc/uvm-1.1/macros/uvm_version_defines.svh'.
Back to file '/usr/local/packages/synopsys_2015/vcs-mx//etc/uvm-1.1/uvm_macros.svh'.
Parsing included file '/usr/local/packages/synopsys_2015/vcs-mx//etc/uvm-1.1/macros/uvm_message_defines.svh'.
Back to file '/usr/local/packages/synopsys_2015/vcs-mx//etc/uvm-1.1/uvm_macros.svh'.
Parsing included file '/usr/local/packages/synopsys_2015/vcs-mx//etc/uvm-1.1/macros/uvm_phase_defines.svh'.
Back to file '/usr/local/packages/synopsys_2015/vcs-mx//etc/uvm-1.1/uvm_macros.svh'.
Parsing included file '/usr/local/packages/synopsys_2015/vcs-mx//etc/uvm-1.1/macros/uvm_object_defines.svh'.
Back to file '/usr/local/packages/synopsys_2015/vcs-mx//etc/uvm-1.1/uvm_macros.svh'.
Parsing included file '/usr/local/packages/synopsys_2015/vcs-mx//etc/uvm-1.1/macros/uvm_printer_defines.svh'.
Back to file '/usr/local/packages/synopsys_2015/vcs-mx//etc/uvm-1.1/uvm_macros.svh'.
Parsing included file '/usr/local/packages/synopsys_2015/vcs-mx//etc/uvm-1.1/macros/uvm_tlm_defines.svh'.
Parsing included file '/usr/local/packages/synopsys_2015/vcs-mx//etc/uvm-1.1/tlm1/uvm_tlm_imps.svh'.
Back to file '/usr/local/packages/synopsys_2015/vcs-mx//etc/uvm-1.1/macros/uvm_tlm_defines.svh'.
Back to file '/usr/local/packages/synopsys_2015/vcs-mx//etc/uvm-1.1/uvm_macros.svh'.
Parsing included file '/usr/local/packages/synopsys_2015/vcs-mx//etc/uvm-1.1/macros/uvm_sequence_defines.svh'.
Back to file '/usr/local/packages/synopsys_2015/vcs-mx//etc/uvm-1.1/uvm_macros.svh'.
Parsing included file '/usr/local/packages/synopsys_2015/vcs-mx//etc/uvm-1.1/macros/uvm_callback_defines.svh'.
Back to file '/usr/local/packages/synopsys_2015/vcs-mx//etc/uvm-1.1/uvm_macros.svh'.
Parsing included file '/usr/local/packages/synopsys_2015/vcs-mx//etc/uvm-1.1/macros/uvm_reg_defines.svh'.
Back to file '/usr/local/packages/synopsys_2015/vcs-mx//etc/uvm-1.1/uvm_macros.svh'.
Parsing included file '/usr/local/packages/synopsys_2015/vcs-mx//etc/uvm-1.1/macros/uvm_deprecated_defines.svh'.
Back to file '/usr/local/packages/synopsys_2015/vcs-mx//etc/uvm-1.1/uvm_macros.svh'.
Back to file '/usr/local/packages/synopsys_2015/vcs-mx//etc/uvm-1.1/uvm_pkg.sv'.
Parsing included file '/usr/local/packages/synopsys_2015/vcs-mx//etc/uvm-1.1/directc/uvm_directc.svh'.
Parsing included file '/usr/local/packages/synopsys_2015/vcs-mx//etc/uvm-1.1/directc/uvm_seed.vh'.
Back to file '/usr/local/packages/synopsys_2015/vcs-mx//etc/uvm-1.1/directc/uvm_directc.svh'.
Back to file '/usr/local/packages/synopsys_2015/vcs-mx//etc/uvm-1.1/uvm_pkg.sv'.
Parsing included file '/usr/local/packages/synopsys_2015/vcs-mx//etc/uvm-1.1/dpi/uvm_dpi.svh'.
Parsing included file '/usr/local/packages/synopsys_2015/vcs-mx//etc/uvm-1.1/dpi/uvm_hdl.svh'.
Back to file '/usr/local/packages/synopsys_2015/vcs-mx//etc/uvm-1.1/dpi/uvm_dpi.svh'.
Parsing included file '/usr/local/packages/synopsys_2015/vcs-mx//etc/uvm-1.1/dpi/uvm_svcmd_dpi.svh'.
Back to file '/usr/local/packages/synopsys_2015/vcs-mx//etc/uvm-1.1/dpi/uvm_dpi.svh'.
Parsing included file '/usr/local/packages/synopsys_2015/vcs-mx//etc/uvm-1.1/dpi/uvm_regex.svh'.
Back to file '/usr/local/packages/synopsys_2015/vcs-mx//etc/uvm-1.1/dpi/uvm_dpi.svh'.
Back to file '/usr/local/packages/synopsys_2015/vcs-mx//etc/uvm-1.1/uvm_pkg.sv'.
Parsing included file '/usr/local/packages/synopsys_2015/vcs-mx//etc/uvm-1.1/base/uvm_base.svh'.
Parsing included file '/usr/local/packages/synopsys_2015/vcs-mx//etc/uvm-1.1/base/uvm_version.svh'.
Back to file '/usr/local/packages/synopsys_2015/vcs-mx//etc/uvm-1.1/base/uvm_base.svh'.
Parsing included file '/usr/local/packages/synopsys_2015/vcs-mx//etc/uvm-1.1/base/uvm_object_globals.svh'.
Back to file '/usr/local/packages/synopsys_2015/vcs-mx//etc/uvm-1.1/base/uvm_base.svh'.
Parsing included file '/usr/local/packages/synopsys_2015/vcs-mx//etc/uvm-1.1/base/uvm_misc.svh'.
Back to file '/usr/local/packages/synopsys_2015/vcs-mx//etc/uvm-1.1/base/uvm_base.svh'.
Parsing included file '/usr/local/packages/synopsys_2015/vcs-mx//etc/uvm-1.1/base/uvm_object.svh'.
Back to file '/usr/local/packages/synopsys_2015/vcs-mx//etc/uvm-1.1/base/uvm_base.svh'.
Parsing included file '/usr/local/packages/synopsys_2015/vcs-mx//etc/uvm-1.1/base/uvm_pool.svh'.
Back to file '/usr/local/packages/synopsys_2015/vcs-mx//etc/uvm-1.1/base/uvm_base.svh'.
Parsing included file '/usr/local/packages/synopsys_2015/vcs-mx//etc/uvm-1.1/base/uvm_queue.svh'.
Back to file '/usr/local/packages/synopsys_2015/vcs-mx//etc/uvm-1.1/base/uvm_base.svh'.
Parsing included file '/usr/local/packages/synopsys_2015/vcs-mx//etc/uvm-1.1/base/uvm_factory.svh'.
Back to file '/usr/local/packages/synopsys_2015/vcs-mx//etc/uvm-1.1/base/uvm_base.svh'.
Parsing included file '/usr/local/packages/synopsys_2015/vcs-mx//etc/uvm-1.1/base/uvm_registry.svh'.
Back to file '/usr/local/packages/synopsys_2015/vcs-mx//etc/uvm-1.1/base/uvm_base.svh'.
Parsing included file '/usr/local/packages/synopsys_2015/vcs-mx//etc/uvm-1.1/base/uvm_spell_chkr.svh'.
Back to file '/usr/local/packages/synopsys_2015/vcs-mx//etc/uvm-1.1/base/uvm_base.svh'.
Parsing included file '/usr/local/packages/synopsys_2015/vcs-mx//etc/uvm-1.1/base/uvm_resource.svh'.
Back to file '/usr/local/packages/synopsys_2015/vcs-mx//etc/uvm-1.1/base/uvm_base.svh'.
Parsing included file '/usr/local/packages/synopsys_2015/vcs-mx//etc/uvm-1.1/deprecated/uvm_resource_converter.svh'.
Back to file '/usr/local/packages/synopsys_2015/vcs-mx//etc/uvm-1.1/base/uvm_base.svh'.
Parsing included file '/usr/local/packages/synopsys_2015/vcs-mx//etc/uvm-1.1/base/uvm_resource_specializations.svh'.
Back to file '/usr/local/packages/synopsys_2015/vcs-mx//etc/uvm-1.1/base/uvm_base.svh'.
Parsing included file '/usr/local/packages/synopsys_2015/vcs-mx//etc/uvm-1.1/base/uvm_resource_db.svh'.
Back to file '/usr/local/packages/synopsys_2015/vcs-mx//etc/uvm-1.1/base/uvm_base.svh'.
Parsing included file '/usr/local/packages/synopsys_2015/vcs-mx//etc/uvm-1.1/base/uvm_config_db.svh'.
Back to file '/usr/local/packages/synopsys_2015/vcs-mx//etc/uvm-1.1/base/uvm_base.svh'.
Parsing included file '/usr/local/packages/synopsys_2015/vcs-mx//etc/uvm-1.1/base/uvm_printer.svh'.
Back to file '/usr/local/packages/synopsys_2015/vcs-mx//etc/uvm-1.1/base/uvm_base.svh'.
Parsing included file '/usr/local/packages/synopsys_2015/vcs-mx//etc/uvm-1.1/base/uvm_comparer.svh'.
Back to file '/usr/local/packages/synopsys_2015/vcs-mx//etc/uvm-1.1/base/uvm_base.svh'.
Parsing included file '/usr/local/packages/synopsys_2015/vcs-mx//etc/uvm-1.1/base/uvm_packer.svh'.
Back to file '/usr/local/packages/synopsys_2015/vcs-mx//etc/uvm-1.1/base/uvm_base.svh'.
Parsing included file '/usr/local/packages/synopsys_2015/vcs-mx//etc/uvm-1.1/base/uvm_recorder.svh'.
Back to file '/usr/local/packages/synopsys_2015/vcs-mx//etc/uvm-1.1/base/uvm_base.svh'.
Parsing included file '/usr/local/packages/synopsys_2015/vcs-mx//etc/uvm-1.1/base/uvm_event_callback.svh'.
Back to file '/usr/local/packages/synopsys_2015/vcs-mx//etc/uvm-1.1/base/uvm_base.svh'.
Parsing included file '/usr/local/packages/synopsys_2015/vcs-mx//etc/uvm-1.1/base/uvm_event.svh'.
Back to file '/usr/local/packages/synopsys_2015/vcs-mx//etc/uvm-1.1/base/uvm_base.svh'.
Parsing included file '/usr/local/packages/synopsys_2015/vcs-mx//etc/uvm-1.1/base/uvm_barrier.svh'.
Back to file '/usr/local/packages/synopsys_2015/vcs-mx//etc/uvm-1.1/base/uvm_base.svh'.
Parsing included file '/usr/local/packages/synopsys_2015/vcs-mx//etc/uvm-1.1/base/uvm_callback.svh'.
Parsing included file '/usr/local/packages/synopsys_2015/vcs-mx//etc/uvm-1.1/uvm_macros.svh'.
Back to file '/usr/local/packages/synopsys_2015/vcs-mx//etc/uvm-1.1/base/uvm_callback.svh'.
Back to file '/usr/local/packages/synopsys_2015/vcs-mx//etc/uvm-1.1/base/uvm_base.svh'.
Parsing included file '/usr/local/packages/synopsys_2015/vcs-mx//etc/uvm-1.1/base/uvm_report_catcher.svh'.
Back to file '/usr/local/packages/synopsys_2015/vcs-mx//etc/uvm-1.1/base/uvm_base.svh'.
Parsing included file '/usr/local/packages/synopsys_2015/vcs-mx//etc/uvm-1.1/base/uvm_report_server.svh'.
Back to file '/usr/local/packages/synopsys_2015/vcs-mx//etc/uvm-1.1/base/uvm_base.svh'.
Parsing included file '/usr/local/packages/synopsys_2015/vcs-mx//etc/uvm-1.1/base/uvm_report_handler.svh'.
Back to file '/usr/local/packages/synopsys_2015/vcs-mx//etc/uvm-1.1/base/uvm_base.svh'.
Parsing included file '/usr/local/packages/synopsys_2015/vcs-mx//etc/uvm-1.1/base/uvm_report_object.svh'.
Back to file '/usr/local/packages/synopsys_2015/vcs-mx//etc/uvm-1.1/base/uvm_base.svh'.
Parsing included file '/usr/local/packages/synopsys_2015/vcs-mx//etc/uvm-1.1/base/uvm_transaction.svh'.
Back to file '/usr/local/packages/synopsys_2015/vcs-mx//etc/uvm-1.1/base/uvm_base.svh'.
Parsing included file '/usr/local/packages/synopsys_2015/vcs-mx//etc/uvm-1.1/base/uvm_phase.svh'.
Back to file '/usr/local/packages/synopsys_2015/vcs-mx//etc/uvm-1.1/base/uvm_base.svh'.
Parsing included file '/usr/local/packages/synopsys_2015/vcs-mx//etc/uvm-1.1/base/uvm_domain.svh'.
Back to file '/usr/local/packages/synopsys_2015/vcs-mx//etc/uvm-1.1/base/uvm_base.svh'.
Parsing included file '/usr/local/packages/synopsys_2015/vcs-mx//etc/uvm-1.1/base/uvm_bottomup_phase.svh'.
Back to file '/usr/local/packages/synopsys_2015/vcs-mx//etc/uvm-1.1/base/uvm_base.svh'.
Parsing included file '/usr/local/packages/synopsys_2015/vcs-mx//etc/uvm-1.1/base/uvm_topdown_phase.svh'.
Back to file '/usr/local/packages/synopsys_2015/vcs-mx//etc/uvm-1.1/base/uvm_base.svh'.
Parsing included file '/usr/local/packages/synopsys_2015/vcs-mx//etc/uvm-1.1/base/uvm_task_phase.svh'.
Back to file '/usr/local/packages/synopsys_2015/vcs-mx//etc/uvm-1.1/base/uvm_base.svh'.
Parsing included file '/usr/local/packages/synopsys_2015/vcs-mx//etc/uvm-1.1/base/uvm_common_phases.svh'.
Back to file '/usr/local/packages/synopsys_2015/vcs-mx//etc/uvm-1.1/base/uvm_base.svh'.
Parsing included file '/usr/local/packages/synopsys_2015/vcs-mx//etc/uvm-1.1/base/uvm_runtime_phases.svh'.
Back to file '/usr/local/packages/synopsys_2015/vcs-mx//etc/uvm-1.1/base/uvm_base.svh'.
Parsing included file '/usr/local/packages/synopsys_2015/vcs-mx//etc/uvm-1.1/base/uvm_component.svh'.
Parsing included file '/usr/local/packages/synopsys_2015/vcs-mx//etc/uvm-1.1/base/uvm_root.svh'.
Back to file '/usr/local/packages/synopsys_2015/vcs-mx//etc/uvm-1.1/base/uvm_component.svh'.
Back to file '/usr/local/packages/synopsys_2015/vcs-mx//etc/uvm-1.1/base/uvm_base.svh'.
Parsing included file '/usr/local/packages/synopsys_2015/vcs-mx//etc/uvm-1.1/base/uvm_objection.svh'.
Back to file '/usr/local/packages/synopsys_2015/vcs-mx//etc/uvm-1.1/base/uvm_base.svh'.
Parsing included file '/usr/local/packages/synopsys_2015/vcs-mx//etc/uvm-1.1/base/uvm_heartbeat.svh'.
Back to file '/usr/local/packages/synopsys_2015/vcs-mx//etc/uvm-1.1/base/uvm_base.svh'.
Parsing included file '/usr/local/packages/synopsys_2015/vcs-mx//etc/uvm-1.1/base/uvm_globals.svh'.
Back to file '/usr/local/packages/synopsys_2015/vcs-mx//etc/uvm-1.1/base/uvm_base.svh'.
Parsing included file '/usr/local/packages/synopsys_2015/vcs-mx//etc/uvm-1.1/base/uvm_cmdline_processor.svh'.
Back to file '/usr/local/packages/synopsys_2015/vcs-mx//etc/uvm-1.1/base/uvm_base.svh'.
Back to file '/usr/local/packages/synopsys_2015/vcs-mx//etc/uvm-1.1/uvm_pkg.sv'.
Parsing included file '/usr/local/packages/synopsys_2015/vcs-mx//etc/uvm-1.1/tlm1/uvm_tlm.svh'.
Parsing included file '/usr/local/packages/synopsys_2015/vcs-mx//etc/uvm-1.1/tlm1/uvm_tlm_ifs.svh'.
Back to file '/usr/local/packages/synopsys_2015/vcs-mx//etc/uvm-1.1/tlm1/uvm_tlm.svh'.
Parsing included file '/usr/local/packages/synopsys_2015/vcs-mx//etc/uvm-1.1/tlm1/uvm_sqr_ifs.svh'.
Back to file '/usr/local/packages/synopsys_2015/vcs-mx//etc/uvm-1.1/tlm1/uvm_tlm.svh'.
Parsing included file '/usr/local/packages/synopsys_2015/vcs-mx//etc/uvm-1.1/base/uvm_port_base.svh'.
Back to file '/usr/local/packages/synopsys_2015/vcs-mx//etc/uvm-1.1/tlm1/uvm_tlm.svh'.
Parsing included file '/usr/local/packages/synopsys_2015/vcs-mx//etc/uvm-1.1/tlm1/uvm_tlm_imps.svh'.
Back to file '/usr/local/packages/synopsys_2015/vcs-mx//etc/uvm-1.1/tlm1/uvm_tlm.svh'.
Parsing included file '/usr/local/packages/synopsys_2015/vcs-mx//etc/uvm-1.1/tlm1/uvm_imps.svh'.
Back to file '/usr/local/packages/synopsys_2015/vcs-mx//etc/uvm-1.1/tlm1/uvm_tlm.svh'.
Parsing included file '/usr/local/packages/synopsys_2015/vcs-mx//etc/uvm-1.1/tlm1/uvm_ports.svh'.
Back to file '/usr/local/packages/synopsys_2015/vcs-mx//etc/uvm-1.1/tlm1/uvm_tlm.svh'.
Parsing included file '/usr/local/packages/synopsys_2015/vcs-mx//etc/uvm-1.1/tlm1/uvm_exports.svh'.
Back to file '/usr/local/packages/synopsys_2015/vcs-mx//etc/uvm-1.1/tlm1/uvm_tlm.svh'.
Parsing included file '/usr/local/packages/synopsys_2015/vcs-mx//etc/uvm-1.1/tlm1/uvm_analysis_port.svh'.
Back to file '/usr/local/packages/synopsys_2015/vcs-mx//etc/uvm-1.1/tlm1/uvm_tlm.svh'.
Parsing included file '/usr/local/packages/synopsys_2015/vcs-mx//etc/uvm-1.1/tlm1/uvm_tlm_fifo_base.svh'.
Back to file '/usr/local/packages/synopsys_2015/vcs-mx//etc/uvm-1.1/tlm1/uvm_tlm.svh'.
Parsing included file '/usr/local/packages/synopsys_2015/vcs-mx//etc/uvm-1.1/tlm1/uvm_tlm_fifos.svh'.
Back to file '/usr/local/packages/synopsys_2015/vcs-mx//etc/uvm-1.1/tlm1/uvm_tlm.svh'.
Parsing included file '/usr/local/packages/synopsys_2015/vcs-mx//etc/uvm-1.1/tlm1/uvm_tlm_req_rsp.svh'.
Back to file '/usr/local/packages/synopsys_2015/vcs-mx//etc/uvm-1.1/tlm1/uvm_tlm.svh'.
Parsing included file '/usr/local/packages/synopsys_2015/vcs-mx//etc/uvm-1.1/tlm1/uvm_sqr_connections.svh'.
Back to file '/usr/local/packages/synopsys_2015/vcs-mx//etc/uvm-1.1/tlm1/uvm_tlm.svh'.
Back to file '/usr/local/packages/synopsys_2015/vcs-mx//etc/uvm-1.1/uvm_pkg.sv'.
Parsing included file '/usr/local/packages/synopsys_2015/vcs-mx//etc/uvm-1.1/comps/uvm_comps.svh'.
Parsing included file '/usr/local/packages/synopsys_2015/vcs-mx//etc/uvm-1.1/comps/uvm_pair.svh'.
Back to file '/usr/local/packages/synopsys_2015/vcs-mx//etc/uvm-1.1/comps/uvm_comps.svh'.
Parsing included file '/usr/local/packages/synopsys_2015/vcs-mx//etc/uvm-1.1/comps/uvm_policies.svh'.
Back to file '/usr/local/packages/synopsys_2015/vcs-mx//etc/uvm-1.1/comps/uvm_comps.svh'.
Parsing included file '/usr/local/packages/synopsys_2015/vcs-mx//etc/uvm-1.1/comps/uvm_in_order_comparator.svh'.
Back to file '/usr/local/packages/synopsys_2015/vcs-mx//etc/uvm-1.1/comps/uvm_comps.svh'.
Parsing included file '/usr/local/packages/synopsys_2015/vcs-mx//etc/uvm-1.1/comps/uvm_algorithmic_comparator.svh'.
Back to file '/usr/local/packages/synopsys_2015/vcs-mx//etc/uvm-1.1/comps/uvm_comps.svh'.
Parsing included file '/usr/local/packages/synopsys_2015/vcs-mx//etc/uvm-1.1/comps/uvm_random_stimulus.svh'.
Back to file '/usr/local/packages/synopsys_2015/vcs-mx//etc/uvm-1.1/comps/uvm_comps.svh'.
Parsing included file '/usr/local/packages/synopsys_2015/vcs-mx//etc/uvm-1.1/comps/uvm_subscriber.svh'.
Back to file '/usr/local/packages/synopsys_2015/vcs-mx//etc/uvm-1.1/comps/uvm_comps.svh'.
Parsing included file '/usr/local/packages/synopsys_2015/vcs-mx//etc/uvm-1.1/comps/uvm_monitor.svh'.
Back to file '/usr/local/packages/synopsys_2015/vcs-mx//etc/uvm-1.1/comps/uvm_comps.svh'.
Parsing included file '/usr/local/packages/synopsys_2015/vcs-mx//etc/uvm-1.1/comps/uvm_driver.svh'.
Back to file '/usr/local/packages/synopsys_2015/vcs-mx//etc/uvm-1.1/comps/uvm_comps.svh'.
Parsing included file '/usr/local/packages/synopsys_2015/vcs-mx//etc/uvm-1.1/comps/uvm_push_driver.svh'.
Back to file '/usr/local/packages/synopsys_2015/vcs-mx//etc/uvm-1.1/comps/uvm_comps.svh'.
Parsing included file '/usr/local/packages/synopsys_2015/vcs-mx//etc/uvm-1.1/comps/uvm_scoreboard.svh'.
Back to file '/usr/local/packages/synopsys_2015/vcs-mx//etc/uvm-1.1/comps/uvm_comps.svh'.
Parsing included file '/usr/local/packages/synopsys_2015/vcs-mx//etc/uvm-1.1/comps/uvm_agent.svh'.
Back to file '/usr/local/packages/synopsys_2015/vcs-mx//etc/uvm-1.1/comps/uvm_comps.svh'.
Parsing included file '/usr/local/packages/synopsys_2015/vcs-mx//etc/uvm-1.1/comps/uvm_env.svh'.
Back to file '/usr/local/packages/synopsys_2015/vcs-mx//etc/uvm-1.1/comps/uvm_comps.svh'.
Parsing included file '/usr/local/packages/synopsys_2015/vcs-mx//etc/uvm-1.1/comps/uvm_test.svh'.
Back to file '/usr/local/packages/synopsys_2015/vcs-mx//etc/uvm-1.1/comps/uvm_comps.svh'.
Back to file '/usr/local/packages/synopsys_2015/vcs-mx//etc/uvm-1.1/uvm_pkg.sv'.
Parsing included file '/usr/local/packages/synopsys_2015/vcs-mx//etc/uvm-1.1/seq/uvm_seq.svh'.
Parsing included file '/usr/local/packages/synopsys_2015/vcs-mx//etc/uvm-1.1/seq/uvm_sequence_item.svh'.
Back to file '/usr/local/packages/synopsys_2015/vcs-mx//etc/uvm-1.1/seq/uvm_seq.svh'.
Parsing included file '/usr/local/packages/synopsys_2015/vcs-mx//etc/uvm-1.1/seq/uvm_sequencer_base.svh'.
Back to file '/usr/local/packages/synopsys_2015/vcs-mx//etc/uvm-1.1/seq/uvm_seq.svh'.
Parsing included file '/usr/local/packages/synopsys_2015/vcs-mx//etc/uvm-1.1/seq/uvm_sequencer_analysis_fifo.svh'.
Back to file '/usr/local/packages/synopsys_2015/vcs-mx//etc/uvm-1.1/seq/uvm_seq.svh'.
Parsing included file '/usr/local/packages/synopsys_2015/vcs-mx//etc/uvm-1.1/seq/uvm_sequencer_param_base.svh'.
Back to file '/usr/local/packages/synopsys_2015/vcs-mx//etc/uvm-1.1/seq/uvm_seq.svh'.
Parsing included file '/usr/local/packages/synopsys_2015/vcs-mx//etc/uvm-1.1/seq/uvm_sequencer.svh'.
Back to file '/usr/local/packages/synopsys_2015/vcs-mx//etc/uvm-1.1/seq/uvm_seq.svh'.
Parsing included file '/usr/local/packages/synopsys_2015/vcs-mx//etc/uvm-1.1/seq/uvm_push_sequencer.svh'.
Back to file '/usr/local/packages/synopsys_2015/vcs-mx//etc/uvm-1.1/seq/uvm_seq.svh'.
Parsing included file '/usr/local/packages/synopsys_2015/vcs-mx//etc/uvm-1.1/seq/uvm_sequence_base.svh'.
Back to file '/usr/local/packages/synopsys_2015/vcs-mx//etc/uvm-1.1/seq/uvm_seq.svh'.
Parsing included file '/usr/local/packages/synopsys_2015/vcs-mx//etc/uvm-1.1/seq/uvm_sequence.svh'.
Back to file '/usr/local/packages/synopsys_2015/vcs-mx//etc/uvm-1.1/seq/uvm_seq.svh'.
Parsing included file '/usr/local/packages/synopsys_2015/vcs-mx//etc/uvm-1.1/seq/uvm_sequence_library.svh'.
Back to file '/usr/local/packages/synopsys_2015/vcs-mx//etc/uvm-1.1/seq/uvm_seq.svh'.
Parsing included file '/usr/local/packages/synopsys_2015/vcs-mx//etc/uvm-1.1/seq/uvm_sequence_builtin.svh'.
Back to file '/usr/local/packages/synopsys_2015/vcs-mx//etc/uvm-1.1/seq/uvm_seq.svh'.
Back to file '/usr/local/packages/synopsys_2015/vcs-mx//etc/uvm-1.1/uvm_pkg.sv'.
Parsing included file '/usr/local/packages/synopsys_2015/vcs-mx//etc/uvm-1.1/tlm2/uvm_tlm2.svh'.
Parsing included file '/usr/local/packages/synopsys_2015/vcs-mx//etc/uvm-1.1/tlm2/uvm_tlm2_defines.svh'.
Back to file '/usr/local/packages/synopsys_2015/vcs-mx//etc/uvm-1.1/tlm2/uvm_tlm2.svh'.
Parsing included file '/usr/local/packages/synopsys_2015/vcs-mx//etc/uvm-1.1/tlm2/uvm_tlm2_time.svh'.
Back to file '/usr/local/packages/synopsys_2015/vcs-mx//etc/uvm-1.1/tlm2/uvm_tlm2.svh'.
Parsing included file '/usr/local/packages/synopsys_2015/vcs-mx//etc/uvm-1.1/tlm2/uvm_tlm2_generic_payload.svh'.
Back to file '/usr/local/packages/synopsys_2015/vcs-mx//etc/uvm-1.1/tlm2/uvm_tlm2.svh'.
Parsing included file '/usr/local/packages/synopsys_2015/vcs-mx//etc/uvm-1.1/tlm2/uvm_tlm2_ifs.svh'.
Back to file '/usr/local/packages/synopsys_2015/vcs-mx//etc/uvm-1.1/tlm2/uvm_tlm2.svh'.
Parsing included file '/usr/local/packages/synopsys_2015/vcs-mx//etc/uvm-1.1/tlm2/uvm_tlm2_imps.svh'.
Back to file '/usr/local/packages/synopsys_2015/vcs-mx//etc/uvm-1.1/tlm2/uvm_tlm2.svh'.
Parsing included file '/usr/local/packages/synopsys_2015/vcs-mx//etc/uvm-1.1/tlm2/uvm_tlm2_ports.svh'.
Back to file '/usr/local/packages/synopsys_2015/vcs-mx//etc/uvm-1.1/tlm2/uvm_tlm2.svh'.
Parsing included file '/usr/local/packages/synopsys_2015/vcs-mx//etc/uvm-1.1/tlm2/uvm_tlm2_exports.svh'.
Back to file '/usr/local/packages/synopsys_2015/vcs-mx//etc/uvm-1.1/tlm2/uvm_tlm2.svh'.
Parsing included file '/usr/local/packages/synopsys_2015/vcs-mx//etc/uvm-1.1/tlm2/uvm_tlm2_sockets_base.svh'.
Back to file '/usr/local/packages/synopsys_2015/vcs-mx//etc/uvm-1.1/tlm2/uvm_tlm2.svh'.
Parsing included file '/usr/local/packages/synopsys_2015/vcs-mx//etc/uvm-1.1/tlm2/uvm_tlm2_sockets.svh'.
Back to file '/usr/local/packages/synopsys_2015/vcs-mx//etc/uvm-1.1/tlm2/uvm_tlm2.svh'.
Back to file '/usr/local/packages/synopsys_2015/vcs-mx//etc/uvm-1.1/uvm_pkg.sv'.
Parsing included file '/usr/local/packages/synopsys_2015/vcs-mx//etc/uvm-1.1/reg/uvm_reg_model.svh'.
Parsing included file '/usr/local/packages/synopsys_2015/vcs-mx//etc/uvm-1.1/reg/uvm_reg_item.svh'.
Back to file '/usr/local/packages/synopsys_2015/vcs-mx//etc/uvm-1.1/reg/uvm_reg_model.svh'.
Parsing included file '/usr/local/packages/synopsys_2015/vcs-mx//etc/uvm-1.1/reg/uvm_reg_adapter.svh'.
Back to file '/usr/local/packages/synopsys_2015/vcs-mx//etc/uvm-1.1/reg/uvm_reg_model.svh'.
Parsing included file '/usr/local/packages/synopsys_2015/vcs-mx//etc/uvm-1.1/reg/uvm_reg_predictor.svh'.
Back to file '/usr/local/packages/synopsys_2015/vcs-mx//etc/uvm-1.1/reg/uvm_reg_model.svh'.
Parsing included file '/usr/local/packages/synopsys_2015/vcs-mx//etc/uvm-1.1/reg/uvm_reg_sequence.svh'.
Back to file '/usr/local/packages/synopsys_2015/vcs-mx//etc/uvm-1.1/reg/uvm_reg_model.svh'.
Parsing included file '/usr/local/packages/synopsys_2015/vcs-mx//etc/uvm-1.1/reg/uvm_reg_cbs.svh'.
Back to file '/usr/local/packages/synopsys_2015/vcs-mx//etc/uvm-1.1/reg/uvm_reg_model.svh'.
Parsing included file '/usr/local/packages/synopsys_2015/vcs-mx//etc/uvm-1.1/reg/uvm_reg_backdoor.svh'.
Back to file '/usr/local/packages/synopsys_2015/vcs-mx//etc/uvm-1.1/reg/uvm_reg_model.svh'.
Parsing included file '/usr/local/packages/synopsys_2015/vcs-mx//etc/uvm-1.1/reg/uvm_reg_field.svh'.
Back to file '/usr/local/packages/synopsys_2015/vcs-mx//etc/uvm-1.1/reg/uvm_reg_model.svh'.
Parsing included file '/usr/local/packages/synopsys_2015/vcs-mx//etc/uvm-1.1/reg/uvm_vreg_field.svh'.
Back to file '/usr/local/packages/synopsys_2015/vcs-mx//etc/uvm-1.1/reg/uvm_reg_model.svh'.
Parsing included file '/usr/local/packages/synopsys_2015/vcs-mx//etc/uvm-1.1/reg/uvm_reg.svh'.
Back to file '/usr/local/packages/synopsys_2015/vcs-mx//etc/uvm-1.1/reg/uvm_reg_model.svh'.
Parsing included file '/usr/local/packages/synopsys_2015/vcs-mx//etc/uvm-1.1/reg/uvm_reg_indirect.svh'.
Back to file '/usr/local/packages/synopsys_2015/vcs-mx//etc/uvm-1.1/reg/uvm_reg_model.svh'.
Parsing included file '/usr/local/packages/synopsys_2015/vcs-mx//etc/uvm-1.1/reg/uvm_reg_fifo.svh'.
Back to file '/usr/local/packages/synopsys_2015/vcs-mx//etc/uvm-1.1/reg/uvm_reg_model.svh'.
Parsing included file '/usr/local/packages/synopsys_2015/vcs-mx//etc/uvm-1.1/reg/uvm_reg_file.svh'.
Back to file '/usr/local/packages/synopsys_2015/vcs-mx//etc/uvm-1.1/reg/uvm_reg_model.svh'.
Parsing included file '/usr/local/packages/synopsys_2015/vcs-mx//etc/uvm-1.1/reg/uvm_mem_mam.svh'.
Back to file '/usr/local/packages/synopsys_2015/vcs-mx//etc/uvm-1.1/reg/uvm_reg_model.svh'.
Parsing included file '/usr/local/packages/synopsys_2015/vcs-mx//etc/uvm-1.1/reg/uvm_vreg.svh'.
Back to file '/usr/local/packages/synopsys_2015/vcs-mx//etc/uvm-1.1/reg/uvm_reg_model.svh'.
Parsing included file '/usr/local/packages/synopsys_2015/vcs-mx//etc/uvm-1.1/reg/uvm_mem.svh'.
Back to file '/usr/local/packages/synopsys_2015/vcs-mx//etc/uvm-1.1/reg/uvm_reg_model.svh'.
Parsing included file '/usr/local/packages/synopsys_2015/vcs-mx//etc/uvm-1.1/reg/uvm_reg_map.svh'.
Back to file '/usr/local/packages/synopsys_2015/vcs-mx//etc/uvm-1.1/reg/uvm_reg_model.svh'.
Parsing included file '/usr/local/packages/synopsys_2015/vcs-mx//etc/uvm-1.1/reg/uvm_reg_block.svh'.
Back to file '/usr/local/packages/synopsys_2015/vcs-mx//etc/uvm-1.1/reg/uvm_reg_model.svh'.
Parsing included file '/usr/local/packages/synopsys_2015/vcs-mx//etc/uvm-1.1/reg/sequences/uvm_reg_hw_reset_seq.svh'.
Back to file '/usr/local/packages/synopsys_2015/vcs-mx//etc/uvm-1.1/reg/uvm_reg_model.svh'.
Parsing included file '/usr/local/packages/synopsys_2015/vcs-mx//etc/uvm-1.1/reg/sequences/uvm_reg_bit_bash_seq.svh'.
Back to file '/usr/local/packages/synopsys_2015/vcs-mx//etc/uvm-1.1/reg/uvm_reg_model.svh'.
Parsing included file '/usr/local/packages/synopsys_2015/vcs-mx//etc/uvm-1.1/reg/sequences/uvm_mem_walk_seq.svh'.
Back to file '/usr/local/packages/synopsys_2015/vcs-mx//etc/uvm-1.1/reg/uvm_reg_model.svh'.
Parsing included file '/usr/local/packages/synopsys_2015/vcs-mx//etc/uvm-1.1/reg/sequences/uvm_mem_access_seq.svh'.
Back to file '/usr/local/packages/synopsys_2015/vcs-mx//etc/uvm-1.1/reg/uvm_reg_model.svh'.
Parsing included file '/usr/local/packages/synopsys_2015/vcs-mx//etc/uvm-1.1/reg/sequences/uvm_reg_access_seq.svh'.
Back to file '/usr/local/packages/synopsys_2015/vcs-mx//etc/uvm-1.1/reg/uvm_reg_model.svh'.
Parsing included file '/usr/local/packages/synopsys_2015/vcs-mx//etc/uvm-1.1/reg/sequences/uvm_reg_mem_shared_access_seq.svh'.
Back to file '/usr/local/packages/synopsys_2015/vcs-mx//etc/uvm-1.1/reg/uvm_reg_model.svh'.
Parsing included file '/usr/local/packages/synopsys_2015/vcs-mx//etc/uvm-1.1/reg/sequences/uvm_reg_mem_built_in_seq.svh'.
Back to file '/usr/local/packages/synopsys_2015/vcs-mx//etc/uvm-1.1/reg/uvm_reg_model.svh'.
Parsing included file '/usr/local/packages/synopsys_2015/vcs-mx//etc/uvm-1.1/reg/sequences/uvm_reg_mem_hdl_paths_seq.svh'.
Back to file '/usr/local/packages/synopsys_2015/vcs-mx//etc/uvm-1.1/reg/uvm_reg_model.svh'.
Parsing included file '/usr/local/packages/synopsys_2015/vcs-mx//etc/uvm-1.1/reg/snps_uvm_reg_bank.svh'.
Back to file '/usr/local/packages/synopsys_2015/vcs-mx//etc/uvm-1.1/reg/uvm_reg_model.svh'.
Back to file '/usr/local/packages/synopsys_2015/vcs-mx//etc/uvm-1.1/uvm_pkg.sv'.
Parsing design file '/usr/local/packages/synopsys_2015/vcs-mx//etc/uvm-1.1/vcs/uvm_custom_install_vcs_recorder.sv'
Parsing included file '/usr/local/packages/synopsys_2015/vcs-mx//etc/uvm-1.1/vcs/msglog.svh'.
Back to file '/usr/local/packages/synopsys_2015/vcs-mx//etc/uvm-1.1/vcs/uvm_custom_install_vcs_recorder.sv'.
Parsing included file '/usr/local/packages/synopsys_2015/vcs-mx//etc/uvm-1.1/vcs/uvm_msglog_report_server.sv'.
Back to file '/usr/local/packages/synopsys_2015/vcs-mx//etc/uvm-1.1/vcs/uvm_custom_install_vcs_recorder.sv'.
Parsing included file '/usr/local/packages/synopsys_2015/vcs-mx//etc/uvm-1.1/vcs/uvm_vcs_recorder.svh'.
Back to file '/usr/local/packages/synopsys_2015/vcs-mx//etc/uvm-1.1/vcs/uvm_custom_install_vcs_recorder.sv'.
Parsing included file '/usr/local/packages/synopsys_2015/vcs-mx//etc/uvm-1.1/vcs/uvm_vcs_record_interface.sv'.
Back to file '/usr/local/packages/synopsys_2015/vcs-mx//etc/uvm-1.1/vcs/uvm_custom_install_vcs_recorder.sv'.
Parsing design file '../dut/verilog/fault_sm.v'
Parsing included file '../dut/include/defines.v'.
Back to file '../dut/verilog/fault_sm.v'.
Parsing design file '../dut/verilog/generic_fifo_ctrl.v'
Parsing design file '../dut/verilog/generic_fifo.v'
Parsing included file '../dut/include/defines.v'.
Back to file '../dut/verilog/generic_fifo.v'.
Parsing design file '../dut/verilog/generic_mem_medium.v'
Parsing design file '../dut/verilog/generic_mem_small.v'
Parsing design file '../dut/verilog/meta_sync_single.v'
Parsing design file '../dut/verilog/meta_sync.v'
Parsing design file '../dut/verilog/rx_data_fifo.v'
Parsing included file '../dut/include/defines.v'.
Back to file '../dut/verilog/rx_data_fifo.v'.
Parsing design file '../dut/verilog/rx_dequeue.v'
Parsing included file '../dut/include/defines.v'.
Back to file '../dut/verilog/rx_dequeue.v'.
Parsing design file '../dut/verilog/rx_enqueue.v'
Parsing included file '../dut/include/defines.v'.
Back to file '../dut/verilog/rx_enqueue.v'.
Parsing included file '../dut/include/CRC32_D64.v'.
Back to file '../dut/verilog/rx_enqueue.v'.
Parsing included file '../dut/include/CRC32_D8.v'.
Back to file '../dut/verilog/rx_enqueue.v'.
Parsing included file '../dut/include/utils.v'.
Back to file '../dut/verilog/rx_enqueue.v'.
Parsing design file '../dut/verilog/rx_hold_fifo.v'
Parsing included file '../dut/include/defines.v'.
Back to file '../dut/verilog/rx_hold_fifo.v'.
Parsing design file '../dut/verilog/sync_clk_core.v'
Parsing included file '../dut/include/defines.v'.
Back to file '../dut/verilog/sync_clk_core.v'.
Parsing design file '../dut/verilog/sync_clk_wb.v'
Parsing included file '../dut/include/defines.v'.
Back to file '../dut/verilog/sync_clk_wb.v'.
Parsing design file '../dut/verilog/sync_clk_xgmii_tx.v'
Parsing included file '../dut/include/defines.v'.
Back to file '../dut/verilog/sync_clk_xgmii_tx.v'.
Parsing design file '../dut/verilog/tx_data_fifo.v'
Parsing included file '../dut/include/defines.v'.
Back to file '../dut/verilog/tx_data_fifo.v'.
Parsing design file '../dut/verilog/tx_dequeue.v'
Parsing included file '../dut/include/defines.v'.
Back to file '../dut/verilog/tx_dequeue.v'.
Parsing included file '../dut/include/CRC32_D64.v'.
Back to file '../dut/verilog/tx_dequeue.v'.
Parsing included file '../dut/include/CRC32_D8.v'.
Back to file '../dut/verilog/tx_dequeue.v'.
Parsing included file '../dut/include/utils.v'.
Back to file '../dut/verilog/tx_dequeue.v'.
Parsing design file '../dut/verilog/tx_enqueue.v'
Parsing included file '../dut/include/defines.v'.
Back to file '../dut/verilog/tx_enqueue.v'.
Parsing included file '../dut/include/CRC32_D64.v'.
Back to file '../dut/verilog/tx_enqueue.v'.
Parsing included file '../dut/include/CRC32_D8.v'.
Back to file '../dut/verilog/tx_enqueue.v'.
Parsing included file '../dut/include/utils.v'.
Back to file '../dut/verilog/tx_enqueue.v'.
Parsing design file '../dut/verilog/tx_hold_fifo.v'
Parsing included file '../dut/include/defines.v'.
Back to file '../dut/verilog/tx_hold_fifo.v'.
Parsing design file '../dut/verilog/wishbone_if.v'
Parsing included file '../dut/include/defines.v'.
Back to file '../dut/verilog/wishbone_if.v'.
Parsing design file '../dut/verilog/xge_mac.v'
Parsing included file '../dut/include/defines.v'.
Back to file '../dut/verilog/xge_mac.v'.
Parsing design file '../tb/mac_tb.sv'
Parsing included file '../tb/mac_test.sv'.
Parsing included file '../tb/rst_sequence.sv'.
Parsing included file '../tb/rst_seq_item.sv'.
Back to file '../tb/rst_sequence.sv'.
Back to file '../tb/mac_test.sv'.
Parsing included file '../tb/wb_sequence.sv'.
Parsing included file '../tb/wb_seq_item.sv'.
Back to file '../tb/wb_sequence.sv'.
Back to file '../tb/mac_test.sv'.
Parsing included file '../tb/tx_sequence.sv'.
Back to file '../tb/mac_test.sv'.
Parsing included file '../tb/mac_env.sv'.
Parsing included file '../tb/rst_agent.sv'.
Parsing included file '../tb/rst_driver.sv'.
Back to file '../tb/rst_agent.sv'.
Parsing included file '../tb/rst_monitor.sv'.
Back to file '../tb/rst_agent.sv'.
Back to file '../tb/mac_env.sv'.
Parsing included file '../tb/wb_agent.sv'.
Parsing included file '../tb/wb_driver.sv'.
Back to file '../tb/wb_agent.sv'.
Parsing included file '../tb/wb_monitor.sv'.
Back to file '../tb/wb_agent.sv'.
Back to file '../tb/mac_env.sv'.
Parsing included file '../tb/tx_agent.sv'.
Parsing included file '../tb/tx_driver.sv'.
Back to file '../tb/tx_agent.sv'.
Parsing included file '../tb/tx_monitor.sv'.
Back to file '../tb/tx_agent.sv'.
Back to file '../tb/mac_env.sv'.
Parsing included file '../tb/rx_agent.sv'.
Parsing included file '../tb/rx_monitor.sv'.
Back to file '../tb/rx_agent.sv'.
Back to file '../tb/mac_env.sv'.
Parsing included file '../tb/scoreboard.sv'.
Back to file '../tb/mac_env.sv'.
Back to file '../tb/mac_test.sv'.
Parsing included file '../tb/virtual_sequencer.sv'.
Back to file '../tb/mac_test.sv'.
Parsing included file '../tb/seq_of_commands.sv'.
Back to file '../tb/mac_test.sv'.
Back to file '../tb/mac_tb.sv'.
Parsing design file '../tb/mac_top.sv'
Parsing design file '../tb/mac_interface.sv'
Top Level Modules:
       uvm_custom_install_recording
       mac_tb
       mac_top
TimeScale is 1 ps / 1 ps
Starting vcs inline pass...
17 modules and 0 UDP read.
	However, due to incremental compilation, no re-compilation is necessary.
rm -f _csrc*.so linux64_scvhdl_*.so pre_vcsobj_*.so share_vcsobj_*.so
if [ -x ../simv ]; then chmod -x ../simv; fi
g++  -o ../simv   -Wl,-rpath-link=./ -Wl,-rpath='$ORIGIN'/simv.daidir/ -Wl,-rpath=./simv.daidir/ \
-Wl,-rpath='$ORIGIN'/simv.daidir//scsim.db.dir  -rdynamic  uvm_dpi.o   amcQwB.o objs/amcQw_d.o \
_prev_archive_1.so  SIM_l.o      rmapats_mop.o rmapats.o rmar.o  rmar_llvm_0_1.o \
rmar_llvm_0_0.o          /usr/local/packages/synopsys_2015/vcs-mx/linux64/lib/libzerosoft_rt_stubs.so \
/usr/local/packages/synopsys_2015/vcs-mx/linux64/lib/libvirsim.so /usr/local/packages/synopsys_2015/vcs-mx/linux64/lib/liberrorinf.so \
/usr/local/packages/synopsys_2015/vcs-mx/linux64/lib/libsnpsmalloc.so    /usr/local/packages/synopsys_2015/vcs-mx/linux64/lib/libvcsnew.so \
/usr/local/packages/synopsys_2015/vcs-mx/linux64/lib/libsimprofile.so /usr/local/packages/synopsys_2015/vcs-mx/linux64/lib/libuclinative.so \
-Wl,-whole-archive /usr/local/packages/synopsys_2015/vcs-mx/linux64/lib/libvcsucli.so \
-Wl,-no-whole-archive       ./../simv.daidir/vc_hdrs.o    /usr/local/packages/synopsys_2015/vcs-mx/linux64/lib/vcs_save_restore_new.o \
-ldl -lm  -lc -lpthread -ldl 
../simv up to date
Command: ./simv -a vcs.log +ntb_random_seed_automatic +UVM_VERBOSITY=HIGH +define+UVM_DIRECTC_OPTS
Chronologic VCS simulator copyright 1991-2015
Contains Synopsys proprietary information.
Compiler version K-2015.09-SP1_Full64; Runtime version K-2015.09-SP1_Full64;  May  9 00:09 2019
NOTE: automatic random seed used: 1708678585
----------------------------------------------------------------
UVM-1.1d.Synopsys
(C) 2007-2013 Mentor Graphics Corporation
(C) 2007-2013 Cadence Design Systems, Inc.
(C) 2006-2013 Synopsys, Inc.
(C) 2011-2013 Cypress Semiconductor Corp.
----------------------------------------------------------------

  ***********       IMPORTANT RELEASE NOTES         ************

  You are using a version of the UVM library that has been compiled
  with `UVM_NO_DEPRECATED undefined.
  See http://www.eda.org/svdb/view.php?id=3313 for more details.

  You are using a version of the UVM library that has been compiled
  with `UVM_OBJECT_MUST_HAVE_CONSTRUCTOR undefined.
  See http://www.eda.org/svdb/view.php?id=3770 for more details.

      (Specify +UVM_NO_RELNOTES to turn off this notice)

VCD+ Writer K-2015.09-SP1_Full64 Copyright (c) 1991-2015 by Synopsys Inc.
UVM_INFO @ 0: reporter [RNTST] Running test basic_test...
UVM_INFO ../tb/mac_test.sv(150) @ 0: uvm_test_top [uvm_test_top] Hierarchy: mac_tb.\basic_test::build_phase 
UVM_INFO ../tb/mac_test.sv(57) @ 0: uvm_test_top [uvm_test_top] Printing Topology from end_of_elaboration phase
UVM_INFO @ 0: reporter [UVMTOP] UVM testbench topology:
--------------------------------------------------------------------------
Name                       Type                                Size  Value
--------------------------------------------------------------------------
uvm_test_top               basic_test                          -     @456 
  mac_env_h                mac_env                             -     @464 
    rst_agent_h            rst_agent                           -     @617 
      aport                uvm_analysis_port                   -     @661 
      rst_driver_h         rst_driver                          -     @793 
        rsp_port           uvm_analysis_port                   -     @810 
        seq_item_port      uvm_seq_item_pull_port              -     @801 
      rst_monitor_h        rst_monitor                         -     @819 
        aport              uvm_analysis_port                   -     @828 
      rst_sequencer_h      uvm_sequencer                       -     @670 
        rsp_export         uvm_analysis_export                 -     @678 
        seq_item_export    uvm_seq_item_pull_imp               -     @784 
        arbitration_queue  array                               0     -    
        lock_queue         array                               0     -    
        num_last_reqs      integral                            32    'd1  
        num_last_rsps      integral                            32    'd1  
    rx_agent_h             rx_agent                            -     @641 
      rx_agt_aport         uvm_analysis_port                   -     @847 
      rx_monitor_h         rx_monitor                          -     @856 
        rx_mon_aport       uvm_analysis_port                   -     @864 
    scoreboard_h           scoreboard                          -     @649 
      scbd_rx_agt_port     uvm_analysis_imp_from_pkt_rx_agent  -     @883 
      scbd_tx_agt_port     uvm_analysis_imp_from_pkt_tx_agent  -     @874 
      scbd_wb_agt_port     uvm_analysis_imp_from_wshbn_agent   -     @892 
    tx_agent_h             tx_agent                            -     @633 
      tx_agt_aport         uvm_analysis_port                   -     @907 
      tx_driver_h          tx_driver                           -     @1039
        rsp_port           uvm_analysis_port                   -     @1056
        seq_item_port      uvm_seq_item_pull_port              -     @1047
      tx_monitor_h         tx_monitor                          -     @1065
        tx_mon_aport       uvm_analysis_port                   -     @1074
      tx_sequencer_h       uvm_sequencer                       -     @916 
        rsp_export         uvm_analysis_export                 -     @924 
        seq_item_export    uvm_seq_item_pull_imp               -     @1030
        arbitration_queue  array                               0     -    
        lock_queue         array                               0     -    
        num_last_reqs      integral                            32    'd1  
        num_last_rsps      integral                            32    'd1  
    wb_agent_h             wb_agent                            -     @625 
      aport                uvm_analysis_port                   -     @1093
      wb_driver_h          wb_driver                           -     @1225
        rsp_port           uvm_analysis_port                   -     @1242
        seq_item_port      uvm_seq_item_pull_port              -     @1233
      wb_monitor_h         wb_monitor                          -     @1251
        aport              uvm_analysis_port                   -     @1260
      wb_sequencer_h       uvm_sequencer                       -     @1102
        rsp_export         uvm_analysis_export                 -     @1110
        seq_item_export    uvm_seq_item_pull_imp               -     @1216
        arbitration_queue  array                               0     -    
        lock_queue         array                               0     -    
        num_last_reqs      integral                            32    'd1  
        num_last_rsps      integral                            32    'd1  
  virtual_sequencer_h      virtual_sequencer                   -     @493 
    rsp_export             uvm_analysis_export                 -     @501 
    seq_item_export        uvm_seq_item_pull_imp               -     @607 
    arbitration_queue      array                               0     -    
    lock_queue             array                               0     -    
    num_last_reqs          integral                            32    'd1  
    num_last_rsps          integral                            32    'd1  
--------------------------------------------------------------------------

UVM_INFO ../tb/mac_test.sv(66) @ 0: uvm_test_top [uvm_test_top] Printing factory from start_of_simulation phase

#### Factory Configuration (*)

No instance overrides are registered with this factory

Type Overrides:

  Requested Type  Override Type       
  --------------  --------------------
  tx_transaction  tx_transaction_basic

All types registered with the factory: 70 total
(types without type names will not be printed)

  Type Name
  ---------
  basic_test
  mac_env
  mac_test
  rst_agent
  rst_driver
  rst_monitor
  rst_sequence
  rst_transaction_in
  rx_agent
  rx_monitor
  scoreboard
  seq_of_commands
  snps_uvm_reg_bank_group
  snps_uvm_reg_map
  tx_agent
  tx_driver
  tx_monitor
  tx_sequence
  tx_transaction
  tx_transaction_basic
  virtual_sequence_test_base
  virtual_sequencer
  wb_agent
  wb_driver
  wb_monitor
  wb_sequence_config
  wb_sequence_finish
  wb_transaction_in
(*) Types with no associated type name will be printed as <unknown>

####

UVM_INFO ../tb/rst_monitor.sv(28) @ 0: uvm_test_top.mac_env_h.rst_agent_h.rst_monitor_h [rst_monitor_h] HIERARCHY: mac_tb.\rst_monitor::run_phase 
UVM_INFO ../tb/rx_monitor.sv(34) @ 0: uvm_test_top.mac_env_h.rx_agent_h.rx_monitor_h [rx_monitor_h] HIERARCHY: mac_tb.\rx_monitor::run_phase 
UVM_INFO ../tb/scoreboard.sv(231) @ 0: uvm_test_top.mac_env_h.scoreboard_h [scoreboard_h] HIERARCHY: mac_tb.\scoreboard::run_phase 
UVM_INFO ../tb/tx_driver.sv(31) @ 0: uvm_test_top.mac_env_h.tx_agent_h.tx_driver_h [tx_driver_h] HIERARCHY: mac_tb.\tx_driver::run_phase 
UVM_INFO ../tb/tx_monitor.sv(38) @ 0: uvm_test_top.mac_env_h.tx_agent_h.tx_monitor_h [tx_monitor_h] HIERARCHY: mac_tb.\tx_monitor::run_phase 
UVM_INFO ../tb/wb_monitor.sv(27) @ 0: uvm_test_top.mac_env_h.wb_agent_h.wb_monitor_h [wb_monitor_h] HIERARCHY: mac_tb.\wb_monitor::run_phase 
UVM_INFO ../tb/mac_test.sv(74) @ 0: uvm_test_top [uvm_test_top] mac_tb.\mac_test::run_phase 
UVM_INFO ../tb/rst_sequence.sv(12) @ 0: reporter@@rst_sequence [rst_sequence] Hierarchy: mac_tb.\rst_sequence::new 
UVM_INFO ../tb/rst_sequence.sv(17) @ 0: reporter@@rst_sequence [myid] test
Received SIGHUP (signal 1), exiting.
           V C S   S i m u l a t i o n   R e p o r t 
Time: 0 ps
CPU Time:      8.570 seconds;       Data structure size:   0.4Mb
Thu May  9 00:09:50 2019
